<html>
<body>
<pre>
<h1>µVision Build Log</h1>
<h2>Tool Versions:</h2>
IDE-Version: µVision V5.25.2.0
Copyright (C) 2018 ARM Ltd and ARM Germany GmbH. All rights reserved.
License Information: ÛÛÒÙ˚ ˚‚Ù˚‚2, Ù˚‚Ù˚‚Ï, LIC=----
 
Tool Versions:
Toolchain:       MDK-Lite  Version: 5.25.2.0
Toolchain Path:  C:\Keil_v5\ARM\ARMCC\Bin
C Compiler:      Armcc.exe V5.06 update 6 (build 750)
Assembler:       Armasm.exe V5.06 update 6 (build 750)
Linker/Locator:  ArmLink.exe V5.06 update 6 (build 750)
Library Manager: ArmAr.exe V5.06 update 6 (build 750)
Hex Converter:   FromElf.exe V5.06 update 6 (build 750)
CPU DLL:         SARMCM3.DLL V5.25.2.0
Dialog DLL:      DCM.DLL V1.17.1.0
Target DLL:      STLink\ST-LINKIII-KEIL_SWO.dll V3.0.1.0
Dialog DLL:      TCM.DLL V1.35.1.0
 
<h2>Project:</h2>
C:\Users\—ÚÛ‰ÂÌÚ1\Desktop\Test\Manipulator\Code for copied manipulator version 2\dummy.uvprojx
Project File Date:  05/10/2018

<h2>Output:</h2>
*** Using Compiler 'V5.06 update 6 (build 750)', folder: 'C:\Keil_v5\ARM\ARMCC\Bin'
Rebuild target 'Target 1'
Clean started - Project: 'dummy'
   deleting intermediate output files for target 'Target 1'
compiling main.c...
src\main\main.c(61): error:  #268: declaration may not appear after executable statement in block
    USART_InitTypeDef USART_InitStructure;
src\main\main.c(181): error:  #268: declaration may not appear after executable statement in block
    GPIO_InitTypeDef GPIO_InitStructure1;
src\main\main.c(188): error:  #268: declaration may not appear after executable statement in block
    GPIO_InitTypeDef GPIO_InitStructure2;
src\main\main.c(195): error:  #268: declaration may not appear after executable statement in block
    DMA_InitTypeDef DMA_InitStructure;
src\main\main.c(211): error:  #268: declaration may not appear after executable statement in block
    ADC_InitTypeDef ADC_InitStructure;
src\main\main.c(283): error:  #268: declaration may not appear after executable statement in block
    GPIO_InitTypeDef GPIO_InitStructure;
src\main\main.c(299): error:  #268: declaration may not appear after executable statement in block
      const unsigned char mytext[] = " Hello World!\r\n";
src\main\main.c(309): error:  #268: declaration may not appear after executable statement in block
      TIM_TimeBaseInitTypeDef TIMER_InitStructure;
src\main\main.c(310): error:  #268: declaration may not appear after executable statement in block
      NVIC_InitTypeDef NVIC_InitStructure;
src\main\main.c(333): warning:  #167-D: argument of type "volatile char *" is incompatible with parameter of type "char *restrict"
            sprintf(buffer, "\r\n%d : %d : %d : %d : %d\r\n", ADCbuffer[0], ADCbuffer[1], ADCbuffer[2], ADCbuffer[3], ADCbuffer[4]);
src\main\main.c(334): error:  #167: argument of type "volatile char *" is incompatible with parameter of type "const unsigned char *"
              USARTSend(buffer);
src\main\main.c: 1 warning, 10 errors
compiling system_stm32f10x.c...
assembling startup_stm32f103xb.s...
compiling misc.c...
compiling stm32f10x_gpio.c...
compiling stm32f10x_rcc.c...
compiling stm32f10x_adc.c...
compiling stm32f10x_tim.c...
compiling stm32f10x_usart.c...
compiling stm32f10x_dma.c...
compiling stm32f10x_exti.c...
".\obj\dummy.axf" - 10 Error(s), 1 Warning(s).

*** Performing Cross-Module-Optimization:
*** Feedback file '.\obj\dummy.fed' not found.

<h2>Software Packages used:</h2>

Package Vendor: ARM
                http://www.keil.com/pack/ARM.CMSIS.5.3.0.pack
                ARM.CMSIS.5.3.0
                CMSIS (Cortex Microcontroller Software Interface Standard)
   * Component: CORE Version: 5.1.1

Package Vendor: Keil
                http://www.keil.com/pack/Keil.STM32F1xx_DFP.2.2.0.pack
                Keil.STM32F1xx_DFP.2.2.0
                STMicroelectronics STM32F1 Series Device Support, Drivers and Examples

<h2>Collection of Component include folders:</h2>
  .\RTE\_Target_1
  C:\Keil_v5\ARM\PACK\ARM\CMSIS\5.3.0\CMSIS\Include
  C:\Keil_v5\ARM\PACK\Keil\STM32F1xx_DFP\2.2.0\Device\Include

<h2>Collection of Component Files used:</h2>

   * Component: ARM::CMSIS:CORE:5.1.1
Target not created.
Build Time Elapsed:  00:00:05
</pre>
</body>
</html>
